<?xml version="1.0" encoding="utf-8"?><testsuites name="pytest tests"><testsuite name="pytest" errors="0" failures="0" skipped="0" tests="45" time="7.342" timestamp="2026-03-10T08:36:00.713339+00:00" hostname="agent-env-4d7474a7-ec97-43c1-b20a-4b5adfc5d8a9"><testcase classname="backend.tests.test_api.TestStats" name="test_get_stats" time="0.160" /><testcase classname="backend.tests.test_api.TestCategories" name="test_get_all_categories" time="0.109" /><testcase classname="backend.tests.test_api.TestCategories" name="test_category_fields" time="0.105" /><testcase classname="backend.tests.test_api.TestCategories" name="test_get_category_by_slug" time="0.103" /><testcase classname="backend.tests.test_api.TestCategories" name="test_get_category_not_found" time="0.103" /><testcase classname="backend.tests.test_api.TestProducts" name="test_get_all_products" time="0.108" /><testcase classname="backend.tests.test_api.TestProducts" name="test_product_fields" time="0.106" /><testcase classname="backend.tests.test_api.TestProducts" name="test_get_featured_products" time="0.098" /><testcase classname="backend.tests.test_api.TestProducts" name="test_get_product_by_slug" time="0.176" /><testcase classname="backend.tests.test_api.TestProducts" name="test_get_product_not_found" time="0.099" /><testcase classname="backend.tests.test_api.TestProducts" name="test_filter_products_by_category" time="0.152" /><testcase classname="backend.tests.test_api.TestSuppliers" name="test_get_all_suppliers" time="0.096" /><testcase classname="backend.tests.test_api.TestSuppliers" name="test_supplier_fields" time="0.098" /><testcase classname="backend.tests.test_api.TestSuppliers" name="test_get_supplier_by_slug" time="0.109" /><testcase classname="backend.tests.test_api.TestSuppliers" name="test_filter_verified_suppliers" time="0.099" /><testcase classname="backend.tests.test_api.TestSuppliers" name="test_get_supplier_not_found" time="0.113" /><testcase classname="backend.tests.test_api.TestSearch" name="test_search_suggestions" time="0.102" /><testcase classname="backend.tests.test_api.TestSearch" name="test_suggestion_fields" time="0.103" /><testcase classname="backend.tests.test_api.TestSearch" name="test_search_suggestions_min_length" time="0.093" /><testcase classname="backend.tests.test_api.TestSearch" name="test_search_post" time="0.112" /><testcase classname="backend.tests.test_api.TestContact" name="test_submit_contact" time="0.099" /><testcase classname="backend.tests.test_api.TestContact" name="test_contact_missing_required_fields" time="0.099" /><testcase classname="backend.tests.test_api.TestSupplierRegistration" name="test_register_supplier" time="0.109" /><testcase classname="backend.tests.test_api.TestSupplierRegistration" name="test_register_supplier_duplicate_email" time="0.162" /><testcase classname="backend.tests.test_api.TestAuth" name="test_register_user" time="0.325" /><testcase classname="backend.tests.test_api.TestAuth" name="test_register_duplicate_email" time="0.374" /><testcase classname="backend.tests.test_api.TestAuth" name="test_login_valid_credentials" time="0.599" /><testcase classname="backend.tests.test_api.TestAuth" name="test_login_invalid_credentials" time="0.121" /><testcase classname="backend.tests.test_api.TestInquiry" name="test_submit_inquiry" time="0.167" /><testcase classname="backend.tests.test_api.TestFilterOptions" name="test_get_filter_options" time="0.098" /><testcase classname="backend.tests.test_api.TestFilterOptions" name="test_filter_options_countries_values" time="0.105" /><testcase classname="backend.tests.test_api.TestFilterOptions" name="test_filter_options_certifications_values" time="0.102" /><testcase classname="backend.tests.test_api.TestRelatedProducts" name="test_get_related_products" time="0.139" /><testcase classname="backend.tests.test_api.TestRelatedProducts" name="test_related_products_fields" time="0.143" /><testcase classname="backend.tests.test_api.TestRelatedProducts" name="test_related_products_not_include_self" time="0.156" /><testcase classname="backend.tests.test_api.TestEnhancedSupplierFields" name="test_supplier_enhanced_fields" time="0.128" /><testcase classname="backend.tests.test_api.TestEnhancedSupplierFields" name="test_supplier_profile_completeness_range" time="0.105" /><testcase classname="backend.tests.test_api.TestEnhancedProductFields" name="test_product_enhanced_fields" time="1.128" /><testcase classname="backend.tests.test_api.TestEnhancedProductFields" name="test_search_suggestions_categorized" time="0.106" /><testcase classname="backend.tests.test_api.TestProductSubmission" name="test_submit_product_basic" time="0.147" /><testcase classname="backend.tests.test_api.TestProductSubmission" name="test_submit_product_with_full_details" time="0.153" /><testcase classname="backend.tests.test_api.TestProductSubmission" name="test_submit_product_missing_required_fields" time="0.108" /><testcase classname="backend.tests.test_api.TestProductSubmission" name="test_get_product_submissions" time="0.097" /><testcase classname="backend.tests.test_api.TestProductSubmission" name="test_get_product_submissions_by_status" time="0.105" /><testcase classname="backend.tests.test_api.TestProductSubmission" name="test_submit_product_response_fields" time="0.156" /></testsuite></testsuites>