<?xml version="1.0" encoding="utf-8"?><testsuites name="pytest tests"><testsuite name="pytest" errors="0" failures="0" skipped="0" tests="29" time="4.648" timestamp="2026-02-26T05:21:32.433190+00:00" hostname="agent-env-20f90560-d1a6-48ed-bbd0-d5af3a7bb5c7"><testcase classname="tests.test_api.TestStats" name="test_get_stats" time="0.127" /><testcase classname="tests.test_api.TestCategories" name="test_get_all_categories" time="0.104" /><testcase classname="tests.test_api.TestCategories" name="test_category_fields" time="0.141" /><testcase classname="tests.test_api.TestCategories" name="test_get_category_by_slug" time="0.108" /><testcase classname="tests.test_api.TestCategories" name="test_get_category_not_found" time="0.147" /><testcase classname="tests.test_api.TestProducts" name="test_get_all_products" time="0.104" /><testcase classname="tests.test_api.TestProducts" name="test_product_fields" time="0.101" /><testcase classname="tests.test_api.TestProducts" name="test_get_featured_products" time="0.099" /><testcase classname="tests.test_api.TestProducts" name="test_get_product_by_slug" time="0.226" /><testcase classname="tests.test_api.TestProducts" name="test_get_product_not_found" time="0.114" /><testcase classname="tests.test_api.TestProducts" name="test_filter_products_by_category" time="0.179" /><testcase classname="tests.test_api.TestSuppliers" name="test_get_all_suppliers" time="0.120" /><testcase classname="tests.test_api.TestSuppliers" name="test_supplier_fields" time="0.112" /><testcase classname="tests.test_api.TestSuppliers" name="test_get_supplier_by_slug" time="0.100" /><testcase classname="tests.test_api.TestSuppliers" name="test_filter_verified_suppliers" time="0.118" /><testcase classname="tests.test_api.TestSuppliers" name="test_get_supplier_not_found" time="0.109" /><testcase classname="tests.test_api.TestSearch" name="test_search_suggestions" time="0.107" /><testcase classname="tests.test_api.TestSearch" name="test_suggestion_fields" time="0.103" /><testcase classname="tests.test_api.TestSearch" name="test_search_suggestions_min_length" time="0.097" /><testcase classname="tests.test_api.TestSearch" name="test_search_post" time="0.115" /><testcase classname="tests.test_api.TestContact" name="test_submit_contact" time="0.120" /><testcase classname="tests.test_api.TestContact" name="test_contact_missing_required_fields" time="0.105" /><testcase classname="tests.test_api.TestSupplierRegistration" name="test_register_supplier" time="0.110" /><testcase classname="tests.test_api.TestSupplierRegistration" name="test_register_supplier_duplicate_email" time="0.165" /><testcase classname="tests.test_api.TestAuth" name="test_register_user" time="0.344" /><testcase classname="tests.test_api.TestAuth" name="test_register_duplicate_email" time="0.445" /><testcase classname="tests.test_api.TestAuth" name="test_login_valid_credentials" time="0.609" /><testcase classname="tests.test_api.TestAuth" name="test_login_invalid_credentials" time="0.114" /><testcase classname="tests.test_api.TestInquiry" name="test_submit_inquiry" time="0.159" /></testsuite></testsuites>